[31May2025 00:04:34.152] [Server thread/INFO] [net.minecraft.server.MinecraftServer/]: [Not Secure] <Kratos991> duerme
[31May2025 00:04:39.179] [Server thread/INFO] [net.minecraft.server.MinecraftServer/]: [Kratos991: Teleported rapjs798 to Kratos991]
[31May2025 00:15:28.605] [Server thread/INFO] [net.minecraft.server.players.PlayerList/]: Algu1[/127.136.75.50:58737] logged in with entity id 10433 at (157.5, 97.0, -123.5)
[31May2025 00:15:28.609] [Server thread/INFO] [net.minecraft.server.MinecraftServer/]: Algu1 joined the game
[31May2025 00:25:55.205] [Server thread/INFO] [net.minecraft.server.MinecraftServer/]: [Kratos991: Teleported rapjs798 to Kratos991]
[31May2025 00:30:38.613] [Server thread/INFO] [net.minecraft.server.MinecraftServer/]: [Kratos991: Teleported rapjs798 to Kratos991]
[31May2025 00:52:32.948] [Server thread/INFO] [net.minecraft.server.MinecraftServer/]: rapjs798 has made the advancement [Ambush]
[31May2025 00:55:54.184] [Server thread/INFO] [net.minecraft.server.MinecraftServer/]: [Kratos991: Teleported rapjs798 to Kratos991]
[31May2025 00:56:22.702] [Server thread/INFO] [net.minecraft.server.MinecraftServer/]: [Kratos991: Teleported rapjs798 to Algu1]
[31May2025 00:56:32.856] [Server thread/INFO] [net.minecraft.server.MinecraftServer/]: [Kratos991: Teleported rapjs798 to Kratos991]
[31May2025 00:56:50.684] [Server thread/INFO] [net.minecraft.server.MinecraftServer/]: [Kratos991: Teleported rapjs798 to Kratos991]
[31May2025 00:57:00.582] [Server thread/INFO] [net.minecraft.server.MinecraftServer/]: [Kratos991: Teleported rapjs798 to Algu1]
[31May2025 00:58:38.269] [Server thread/INFO] [net.minecraft.server.MinecraftServer/]: [Kratos991: Teleported Algu1 to Kratos991]
[31May2025 00:58:46.992] [Server thread/INFO] [net.minecraft.server.MinecraftServer/]: rapjs798 has reached the goal [Sky's the Limit]
[31May2025 01:00:11.550] [Server thread/INFO] [net.minecraft.server.MinecraftServer/]: Algu1 was slain by Doppelganger Creeper
[31May2025 01:00:11.574] [Server thread/INFO] [tombstone/]: The player Algu1 has successfully been saved
[31May2025 01:00:41.485] [Server thread/INFO] [net.minecraft.server.MinecraftServer/]: [Kratos991: Teleported Algu1 to Kratos991]
[31May2025 01:01:12.943] [Server thread/INFO] [net.minecraft.server.MinecraftServer/]: Algu1 has reached the goal [Chain Death]
[31May2025 01:01:12.943] [Server thread/INFO] [net.minecraft.server.MinecraftServer/]: Algu1 was slain by Doppelganger Creeper
[31May2025 01:01:12.960] [Server thread/INFO] [tombstone/]: The player Algu1 has successfully been saved
[31May2025 01:01:46.200] [Server thread/INFO] [net.minecraft.server.MinecraftServer/]: [Kratos991: Teleported Algu1 to Kratos991]
[31May2025 01:02:11.652] [Server thread/WARN] [net.minecraft.server.network.ServerGamePacketListenerImpl/]: Algu1 was kicked for floating too long!
[31May2025 01:02:11.653] [Server thread/INFO] [net.minecraft.server.network.ServerGamePacketListenerImpl/]: Algu1 lost connection: Disconnected
[31May2025 01:02:11.653] [Server thread/INFO] [net.minecraft.server.MinecraftServer/]: Algu1 left the game
[31May2025 01:02:11.704] [Server thread/WARN] [net.minecraft.network.Connection/]: handleDisconnection() called twice
[31May2025 01:02:44.415] [Server thread/INFO] [net.minecraft.server.players.PlayerList/]: Algu1[/127.136.75.50:44363] logged in with entity id 44796 at (3695.6540214032566, -24.71450761068131, -3193.0153581909217)
[31May2025 01:02:44.418] [Server thread/INFO] [net.minecraft.server.MinecraftServer/]: Algu1 joined the game
[31May2025 01:06:09.333] [Server thread/INFO] [net.minecraft.server.MinecraftServer/]: [Kratos991: Teleported rapjs798 to Kratos991]
[31May2025 01:07:45.333] [Server thread/INFO] [net.minecraft.server.MinecraftServer/]: [Kratos991: Teleported Kratos991 to rapjs798]
[31May2025 01:15:17.455] [Server thread/INFO] [net.minecraft.server.MinecraftServer/]: rapjs798 has made the advancement [Danger In The Woods]
[31May2025 01:17:54.647] [Server thread/INFO] [net.minecraft.server.MinecraftServer/]: [Kratos991: Teleported rapjs798 to Kratos991]
[31May2025 01:18:07.694] [Server thread/INFO] [net.minecraft.server.MinecraftServer/]: Kratos991 has made the advancement [Danger In The Woods]
[31May2025 01:24:45.595] [Server thread/INFO] [net.minecraft.server.MinecraftServer/]: [Kratos991: Teleported Kratos991 to Algu1]
[31May2025 01:37:35.061] [Server thread/INFO] [net.minecraft.server.MinecraftServer/]: rapjs798 has made the advancement [The Cutest Predator]
[31May2025 01:39:56.903] [Server thread/WARN] [net.minecraft.server.level.ServerPlayerGameMode/]: Mismatch in destroy block pos: BlockPos{x=3830, y=5, z=-3036} BlockPos{x=3829, y=4, z=-3036}
[31May2025 01:40:26.846] [Server thread/INFO] [net.minecraft.server.network.ServerGamePacketListenerImpl/]: rapjs798 lost connection: Disconnected
[31May2025 01:40:26.847] [Server thread/INFO] [net.minecraft.server.MinecraftServer/]: rapjs798 left the game
[31May2025 01:48:45.344] [Server thread/INFO] [net.minecraft.server.network.ServerLoginPacketListenerImpl/]: com.mojang.authlib.GameProfile@23400652[id=<null>,name=rapjs798,properties={},legacy=false] (/127.156.95.243:39119) lost connection: Disconnected
[31May2025 01:48:49.506] [Server thread/INFO] [net.minecraft.server.players.PlayerList/]: rapjs798[/127.156.95.243:42755] logged in with entity id 63107 at (3845.318813590981, 7.0, -3043.632541673358)
[31May2025 01:48:49.509] [Server thread/INFO] [net.minecraft.server.MinecraftServer/]: rapjs798 joined the game
[31May2025 02:00:49.266] [Server thread/INFO] [net.minecraft.server.MinecraftServer/]: Algu1 fell from a high place
[31May2025 02:00:49.268] [Server thread/INFO] [tombstone/]: The player Algu1 has successfully been saved
[31May2025 02:10:43.469] [Server thread/INFO] [net.minecraft.server.MinecraftServer/]: [Kratos991: Teleported Kratos991 to Algu1]
